[0314/091144:ERROR:renderer_main.cc(203)] Running without renderer sandbox
[0314/091147:ERROR:child_discardable_shared_memory_manager.cc(266)] size: 4194304
[0314/091152:INFO:CONSOLE(112)] "Uncaught RangeError: Maximum call stack size exceeded", source:  (112)
[0314/091154:ERROR:child_discardable_shared_memory_manager.cc(266)] size: 4194304
[0314/091155:ERROR:child_discardable_shared_memory_manager.cc(266)] size: 4194304
[0314/091155:ERROR:child_discardable_shared_memory_manager.cc(266)] size: 4194304
[0314/091156:INFO:CONSOLE(3817)] "report:", source: http://vm.gtimg.cn/c/=/tencentvideo/txp/js/plugins/uirightclickmenu.d12289.js,v4gph5adplayer.32c3d0.js,uiunofficialendtip.05b03e.js,uiopenclientbubble.81b4b7.js?max_age=604800&_ts=1520405360655 (3817)
[0314/091245:INFO:CONSOLE(2)] "Uncaught SecurityError: Blocked a frame with origin "http://new.qq.com" from accessing a frame with origin "http://page.coral.qq.com". The frame requesting access set "document.domain" to "qq.com", but the frame being accessed did not. Both must set "document.domain" to the same value to allow access.", source: http://mat1.gtimg.com/pingjs/ext2020/dcom-static/build/static/js/static.js (2)
[0314/091303:ERROR:renderer_main.cc(203)] Running without renderer sandbox
[0314/091303:INFO:CONSOLE(1)] "The key "shrink-to-fit" is not recognized and ignored.", source: http://new.qq.com/omn/20180314/20180314A03T1Y?pgv_ref=aio2015&ptlang=2052 (1)
[0314/091303:ERROR:child_discardable_shared_memory_manager.cc(266)] size: 4194304
[0314/091305:INFO:CONSOLE(112)] "Uncaught RangeError: Maximum call stack size exceeded", source:  (112)
[0314/091306:ERROR:child_discardable_shared_memory_manager.cc(266)] size: 4194304
[0314/091307:INFO:CONSOLE(3817)] "report:", source: http://vm.gtimg.cn/c/=/tencentvideo/txp/js/plugins/uirightclickmenu.d12289.js,v4gph5adplayer.32c3d0.js,uiunofficialendtip.05b03e.js,uiopenclientbubble.81b4b7.js?max_age=604800&_ts=1520405360655 (3817)
[0314/091411:ERROR:renderer_main.cc(203)] Running without renderer sandbox
[0314/091411:ERROR:child_discardable_shared_memory_manager.cc(266)] size: 4194304
[0314/091412:INFO:CONSOLE(112)] "Uncaught RangeError: Maximum call stack size exceeded", source:  (112)
[0314/091414:ERROR:child_discardable_shared_memory_manager.cc(266)] size: 4194304
[0314/091415:ERROR:child_discardable_shared_memory_manager.cc(266)] size: 4194304
[0314/091415:ERROR:child_discardable_shared_memory_manager.cc(266)] size: 4194304
[0314/091416:INFO:CONSOLE(3817)] "report:", source: http://vm.gtimg.cn/c/=/tencentvideo/txp/js/plugins/uirightclickmenu.d12289.js,v4gph5adplayer.32c3d0.js,uiunofficialendtip.05b03e.js,uiopenclientbubble.81b4b7.js?max_age=604800&_ts=1520405360655 (3817)
[0314/173810:ERROR:renderer_main.cc(203)] Running without renderer sandbox
[0314/173815:ERROR:child_discardable_shared_memory_manager.cc(266)] size: 4194304
[0314/173815:ERROR:child_discardable_shared_memory_manager.cc(266)] size: 5885952
[0314/173816:INFO:CONSOLE(112)] "Uncaught RangeError: Maximum call stack size exceeded", source:  (112)
[0314/173818:ERROR:child_discardable_shared_memory_manager.cc(266)] size: 5885952
[0314/173818:ERROR:child_discardable_shared_memory_manager.cc(266)] size: 4194304
[0314/173818:ERROR:child_discardable_shared_memory_manager.cc(266)] size: 4194304
[0314/173819:ERROR:child_discardable_shared_memory_manager.cc(266)] size: 4194304
[0314/173821:INFO:CONSOLE(3817)] "report:", source: http://vm.gtimg.cn/c/=/tencentvideo/txp/js/plugins/uirightclickmenu.d12289.js,v4gph5adplayer.32c3d0.js,uiunofficialendtip.05b03e.js,uiopenclientbubble.81b4b7.js?max_age=604800&_ts=1520405360655 (3817)
[0314/173822:ERROR:render_media_log.cc(18)] MediaEvent: PIPELINE_ERROR demuxer: could not open
[0314/173823:ERROR:render_media_log.cc(18)] MediaEvent: PIPELINE_ERROR demuxer: could not open
[0314/173824:ERROR:render_media_log.cc(18)] MediaEvent: PIPELINE_ERROR demuxer: could not open
[0314/173824:ERROR:render_media_log.cc(18)] MediaEvent: PIPELINE_ERROR demuxer: could not open
[0314/173824:ERROR:child_discardable_shared_memory_manager.cc(266)] size: 4194304
[0314/173824:ERROR:child_discardable_shared_memory_manager.cc(266)] size: 4194304
[0314/173825:ERROR:render_media_log.cc(18)] MediaEvent: PIPELINE_ERROR demuxer: could not open
[0314/173826:ERROR:child_discardable_shared_memory_manager.cc(266)] size: 4194304
[0314/173826:ERROR:render_media_log.cc(18)] MediaEvent: PIPELINE_ERROR demuxer: could not open
[0314/173827:ERROR:render_media_log.cc(18)] MediaEvent: PIPELINE_ERROR demuxer: could not open
[0314/173828:ERROR:render_media_log.cc(18)] MediaEvent: PIPELINE_ERROR demuxer: could not open
[0314/173828:ERROR:child_discardable_shared_memory_manager.cc(266)] size: 4194304
[0314/173829:ERROR:render_media_log.cc(18)] MediaEvent: PIPELINE_ERROR demuxer: could not open
[0314/173829:ERROR:child_discardable_shared_memory_manager.cc(266)] size: 4194304
[0314/173829:ERROR:child_discardable_shared_memory_manager.cc(266)] size: 96002048
[0314/173829:ERROR:child_discardable_shared_memory_manager.cc(266)] size: 4194304
[0314/173829:ERROR:child_discardable_shared_memory_manager.cc(266)] size: 96002048
[0314/173829:ERROR:render_media_log.cc(18)] MediaEvent: PIPELINE_ERROR demuxer: could not open
[0314/173830:ERROR:render_media_log.cc(18)] MediaEvent: PIPELINE_ERROR demuxer: could not open
[0314/173831:ERROR:child_discardable_shared_memory_manager.cc(266)] size: 4194304
[0314/173831:ERROR:child_discardable_shared_memory_manager.cc(266)] size: 4194304
[0314/173831:ERROR:child_discardable_shared_memory_manager.cc(266)] size: 4194304
[0314/173831:ERROR:render_media_log.cc(18)] MediaEvent: PIPELINE_ERROR demuxer: could not open
[0314/173831:ERROR:child_discardable_shared_memory_manager.cc(266)] size: 96002048
[0314/173831:ERROR:child_discardable_shared_memory_manager.cc(266)] size: 96002048
[0314/173832:ERROR:render_media_log.cc(18)] MediaEvent: PIPELINE_ERROR demuxer: could not open
[0314/173832:ERROR:child_discardable_shared_memory_manager.cc(266)] size: 4194304
[0314/173832:ERROR:child_discardable_shared_memory_manager.cc(266)] size: 4194304
[0314/173832:ERROR:child_discardable_shared_memory_manager.cc(266)] size: 4194304
[0314/173832:ERROR:render_media_log.cc(18)] MediaEvent: PIPELINE_ERROR demuxer: could not open
[0314/173833:ERROR:render_media_log.cc(18)] MediaEvent: PIPELINE_ERROR demuxer: could not open
[0314/173835:ERROR:child_discardable_shared_memory_manager.cc(266)] size: 4194304
[0314/173838:WARNING:raw_channel_win.cc(473)] WriteFile: 管道正在被关闭。 (0xE8)
[0314/173838:WARNING:channel.cc(549)] Failed to send message to ack remove remote endpoint (local ID 1, remote ID 1)
[0314/173838:WARNING:channel.cc(315)] RawChannel write error
[0314/173854:ERROR:renderer_main.cc(203)] Running without renderer sandbox
[0314/173855:ERROR:child_discardable_shared_memory_manager.cc(266)] size: 4194304
[0314/173856:INFO:CONSOLE(112)] "Uncaught RangeError: Maximum call stack size exceeded", source:  (112)
[0314/173900:ERROR:child_discardable_shared_memory_manager.cc(266)] size: 4194304
[0314/173901:INFO:CONSOLE(3817)] "report:", source: http://vm.gtimg.cn/c/=/tencentvideo/txp/js/plugins/uirightclickmenu.d12289.js,v4gph5adplayer.32c3d0.js,uiunofficialendtip.05b03e.js,uiopenclientbubble.81b4b7.js?max_age=604800&_ts=1520405360655 (3817)
[0314/173928:ERROR:child_discardable_shared_memory_manager.cc(266)] size: 4194304
[0314/174017:INFO:CONSOLE(2)] "Uncaught SecurityError: Blocked a frame with origin "http://new.qq.com" from accessing a frame with origin "http://page.coral.qq.com". The frame requesting access set "document.domain" to "qq.com", but the frame being accessed did not. Both must set "document.domain" to the same value to allow access.", source: http://mat1.gtimg.com/pingjs/ext2020/dcom-static/build/static/js/static.js (2)
